<?xml version="1.0" encoding="utf-8"?><testsuites name="pytest tests"><testsuite name="pytest" errors="0" failures="0" skipped="0" tests="3" time="25.990" timestamp="2026-08-29T09:25:33.283251+00:00" hostname="agent-env-304c2102-d3bc-4134-ace5-50fb5e69a104"><testcase classname="tests.test_api_regression.TestAlerts" name="test_alert_translations" time="25.504" /><testcase classname="tests.test_api_regression.TestPredictions" name="test_predict_critical" time="0.382" /><testcase classname="tests.test_api_regression.TestPredictions" name="test_predict_missing_feature" time="0.043" /></testsuite></testsuites>