<?xml version="1.0" encoding="utf-8"?><testsuites name="pytest tests"><testsuite name="pytest" errors="0" failures="1" skipped="0" tests="10" time="25.059" timestamp="2026-08-29T10:04:10.740273+00:00" hostname="agent-env-304c2102-d3bc-4134-ace5-50fb5e69a104"><testcase classname="tests.test_iter2_dem_sms" name="test_dem_bootstrap_ner001" time="0.277" /><testcase classname="tests.test_iter2_dem_sms" name="test_dem_bootstrap_ner009_mountain" time="0.045" /><testcase classname="tests.test_iter2_dem_sms" name="test_terrain_recompute_single" time="0.584" /><testcase classname="tests.test_iter2_dem_sms" name="test_terrain_recompute_all" time="11.457" /><testcase classname="tests.test_iter2_dem_sms" name="test_notifications_status_log_only" time="0.046" /><testcase classname="tests.test_iter2_dem_sms" name="test_seeded_recipients" time="0.044" /><testcase classname="tests.test_iter2_dem_sms" name="test_recipient_crud" time="0.214" /><testcase classname="tests.test_iter2_dem_sms" name="test_alert_district_scoped_blast" time="0.046"><failure message="AssertionError: {&quot;detail&quot;:[{&quot;type&quot;:&quot;missing&quot;,&quot;loc&quot;:[&quot;body&quot;,&quot;severity&quot;],&quot;msg&quot;:&quot;Field required&quot;,&quot;input&quot;:{&quot;zone_id&quot;:&quot;NER-001&quot;,&quot;reason&quot;:&quot;TEST_iter2 SMS fan-out&quot;},&quot;url&quot;:&quot;https://errors.pydantic.dev/2.13/v/missing&quot;}]}&#10;assert 422 == 200&#10; +  where 422 = &lt;Response [422]&gt;.status_code">backend/tests/test_iter2_dem_sms.py:155: in test_alert_district_scoped_blast
    assert r.status_code == 200, r.text
E   AssertionError: {"detail":[{"type":"missing","loc":["body","severity"],"msg":"Field required","input":{"zone_id":"NER-001","reason":"TEST_iter2 SMS fan-out"},"url":"https://errors.pydantic.dev/2.13/v/missing"}]}
E   assert 422 == 200
E    +  where 422 = &lt;Response [422]&gt;.status_code</failure></testcase><testcase classname="tests.test_iter2_dem_sms" name="test_notifications_persisted" time="0.043" /><testcase classname="tests.test_iter2_dem_sms" name="test_run_all_with_dem_terrain" time="12.215" /></testsuite></testsuites>