<?xml version="1.0" encoding="utf-8"?><testsuites name="pytest tests"><testsuite name="pytest" errors="0" failures="0" skipped="0" tests="4" time="2.332" timestamp="2026-08-29T09:24:03.413394+00:00" hostname="agent-env-304c2102-d3bc-4134-ace5-50fb5e69a104"><testcase classname="tests.test_ml_regression" name="test_feature_list_exact" time="0.000" /><testcase classname="tests.test_ml_regression" name="test_model_matches_direct_sklearn_call" time="0.349" /><testcase classname="tests.test_ml_regression" name="test_severity_bands" time="0.076" /><testcase classname="tests.test_ml_regression" name="test_missing_feature_raises" time="0.000" /></testsuite></testsuites>